# JRE version: OpenJDK Runtime Environment Temurin-17.0.3+7 (17.0.3+7) (build 17.0.3+7)
# Java VM: OpenJDK 64-Bit Server VM Temurin-17.0.3+7 (17.0.3+7, mixed mode, tiered, compressed oops, compressed class ptrs, parallel gc, windows-amd64)
GC Precious Log:
 CPUs: 4 total, 4 available
 Memory: 14284M
 Large Page Support: Disabled
 NUMA Support: Disabled
 Compressed Oops: Enabled (32-bit)
 Alignments: Space 512K, Generation 512K, Heap 2M
 Heap Min Capacity: 100M
 Heap Initial Capacity: 100M
 Heap Max Capacity: 1G
 Pre-touch: Disabled
 Parallel Workers: 4
Heap:
 PSYoungGen      total 4608K, used 1916K [0x00000000eab00000, 0x00000000eb100000, 0x0000000100000000)
  eden space 4096K, 43% used [0x00000000eab00000,0x00000000eacbf188,0x00000000eaf00000)
  from space 512K, 25% used [0x00000000eaf00000,0x00000000eaf20000,0x00000000eaf80000)
  to   space 1024K, 0% used [0x00000000eb000000,0x00000000eb000000,0x00000000eb100000)
 ParOldGen       total 103936K, used 85757K [0x00000000c0000000, 0x00000000c6580000, 0x00000000eab00000)
  object space 103936K, 82% used [0x00000000c0000000,0x00000000c53bf7f0,0x00000000c6580000)
 Metaspace       used 78449K, committed 79552K, reserved 1122304K
  class space    used 8036K, committed 8512K, reserved 1048576K
GC Heap History (20 events):
Event: 724.189 GC heap before
{Heap before GC invocations=882 (full 27):
 PSYoungGen      total 3584K, used 3584K [0x00000000eab00000, 0x00000000eb280000, 0x0000000100000000)
  eden space 2048K, 100% used [0x00000000eab00000,0x00000000ead00000,0x00000000ead00000)
  from space 1536K, 100% used [0x00000000ead00000,0x00000000eae80000,0x00000000eae80000)
  to   space 2560K, 0% used [0x00000000eb000000,0x00000000eb000000,0x00000000eb280000)
 ParOldGen       total 101888K, used 95141K [0x00000000c0000000, 0x00000000c6380000, 0x00000000eab00000)
  object space 101888K, 93% used [0x00000000c0000000,0x00000000c5ce9600,0x00000000c6380000)
 Metaspace       used 78388K, committed 79424K, reserved 1122304K
  class space    used 8036K, committed 8512K, reserved 1048576K
}
Event: 724.193 GC heap after
{Heap after GC invocations=882 (full 27):
 PSYoungGen      total 4096K, used 1464K [0x00000000eab00000, 0x00000000eb180000, 0x0000000100000000)
  eden space 2560K, 0% used [0x00000000eab00000,0x00000000eab00000,0x00000000ead80000)
  from space 1536K, 95% used [0x00000000eb000000,0x00000000eb16e090,0x00000000eb180000)
  to   space 2048K, 0% used [0x00000000ead80000,0x00000000ead80000,0x00000000eaf80000)
 ParOldGen       total 101888K, used 96685K [0x00000000c0000000, 0x00000000c6380000, 0x00000000eab00000)
  object space 101888K, 94% used [0x00000000c0000000,0x00000000c5e6b620,0x00000000c6380000)
 Metaspace       used 78388K, committed 79424K, reserved 1122304K
  class space    used 8036K, committed 8512K, reserved 1048576K
}
Event: 724.200 GC heap before
{Heap before GC invocations=883 (full 27):
 PSYoungGen      total 4096K, used 4024K [0x00000000eab00000, 0x00000000eb180000, 0x0000000100000000)
  eden space 2560K, 100% used [0x00000000eab00000,0x00000000ead80000,0x00000000ead80000)
  from space 1536K, 95% used [0x00000000eb000000,0x00000000eb16e090,0x00000000eb180000)
  to   space 2048K, 0% used [0x00000000ead80000,0x00000000ead80000,0x00000000eaf80000)
 ParOldGen       total 101888K, used 96685K [0x00000000c0000000, 0x00000000c6380000, 0x00000000eab00000)
  object space 101888K, 94% used [0x00000000c0000000,0x00000000c5e6b620,0x00000000c6380000)
 Metaspace       used 78389K, committed 79424K, reserved 1122304K
  class space    used 8036K, committed 8512K, reserved 1048576K
}
Event: 724.203 GC heap after
{Heap after GC invocations=883 (full 27):
 PSYoungGen      total 4608K, used 2026K [0x00000000eab00000, 0x00000000eb600000, 0x0000000100000000)
  eden space 2560K, 0% used [0x00000000eab00000,0x00000000eab00000,0x00000000ead80000)
  from space 2048K, 98% used [0x00000000ead80000,0x00000000eaf7a800,0x00000000eaf80000)
  to   space 4096K, 0% used [0x00000000eb200000,0x00000000eb200000,0x00000000eb600000)
 ParOldGen       total 101888K, used 98109K [0x00000000c0000000, 0x00000000c6380000, 0x00000000eab00000)
  object space 101888K, 96% used [0x00000000c0000000,0x00000000c5fcf6b0,0x00000000c6380000)
 Metaspace       used 78389K, committed 79424K, reserved 1122304K
  class space    used 8036K, committed 8512K, reserved 1048576K
}
Event: 724.443 GC heap before
{Heap before GC invocations=884 (full 27):
 PSYoungGen      total 4608K, used 4586K [0x00000000eab00000, 0x00000000eb600000, 0x0000000100000000)
  eden space 2560K, 100% used [0x00000000eab00000,0x00000000ead80000,0x00000000ead80000)
  from space 2048K, 98% used [0x00000000ead80000,0x00000000eaf7a800,0x00000000eaf80000)
  to   space 4096K, 0% used [0x00000000eb200000,0x00000000eb200000,0x00000000eb600000)
 ParOldGen       total 101888K, used 98109K [0x00000000c0000000, 0x00000000c6380000, 0x00000000eab00000)
  object space 101888K, 96% used [0x00000000c0000000,0x00000000c5fcf6b0,0x00000000c6380000)
 Metaspace       used 78390K, committed 79424K, reserved 1122304K
  class space    used 8036K, committed 8512K, reserved 1048576K
}
Event: 724.447 GC heap after
{Heap after GC invocations=884 (full 27):
 PSYoungGen      total 4096K, used 848K [0x00000000eab00000, 0x00000000eb300000, 0x0000000100000000)
  eden space 3072K, 0% used [0x00000000eab00000,0x00000000eab00000,0x00000000eae00000)
  from space 1024K, 82% used [0x00000000eb200000,0x00000000eb2d4000,0x00000000eb300000)
  to   space 2048K, 0% used [0x00000000eaf00000,0x00000000eaf00000,0x00000000eb100000)
 ParOldGen       total 101888K, used 100069K [0x00000000c0000000, 0x00000000c6380000, 0x00000000eab00000)
  object space 101888K, 98% used [0x00000000c0000000,0x00000000c61b96b0,0x00000000c6380000)
 Metaspace       used 78390K, committed 79424K, reserved 1122304K
  class space    used 8036K, committed 8512K, reserved 1048576K
}
Event: 724.447 GC heap before
{Heap before GC invocations=885 (full 28):
 PSYoungGen      total 4096K, used 848K [0x00000000eab00000, 0x00000000eb300000, 0x0000000100000000)
  eden space 3072K, 0% used [0x00000000eab00000,0x00000000eab00000,0x00000000eae00000)
  from space 1024K, 82% used [0x00000000eb200000,0x00000000eb2d4000,0x00000000eb300000)
  to   space 2048K, 0% used [0x00000000eaf00000,0x00000000eaf00000,0x00000000eb100000)
 ParOldGen       total 101888K, used 100069K [0x00000000c0000000, 0x00000000c6380000, 0x00000000eab00000)
  object space 101888K, 98% used [0x00000000c0000000,0x00000000c61b96b0,0x00000000c6380000)
 Metaspace       used 78390K, committed 79424K, reserved 1122304K
  class space    used 8036K, committed 8512K, reserved 1048576K
}
Event: 724.557 GC heap after
{Heap after GC invocations=885 (full 28):
 PSYoungGen      total 6144K, used 0K [0x00000000eab00000, 0x00000000eb300000, 0x0000000100000000)
  eden space 4096K, 0% used [0x00000000eab00000,0x00000000eab00000,0x00000000eaf00000)
  from space 2048K, 0% used [0x00000000eaf00000,0x00000000eaf00000,0x00000000eb100000)
  to   space 2048K, 0% used [0x00000000eb100000,0x00000000eb100000,0x00000000eb300000)
 ParOldGen       total 103936K, used 84726K [0x00000000c0000000, 0x00000000c6580000, 0x00000000eab00000)
  object space 103936K, 81% used [0x00000000c0000000,0x00000000c52bda70,0x00000000c6580000)
 Metaspace       used 78390K, committed 79424K, reserved 1122304K
  class space    used 8036K, committed 8512K, reserved 1048576K
}
Event: 726.996 GC heap before
{Heap before GC invocations=886 (full 28):
 PSYoungGen      total 6144K, used 4096K [0x00000000eab00000, 0x00000000eb300000, 0x0000000100000000)
  eden space 4096K, 100% used [0x00000000eab00000,0x00000000eaf00000,0x00000000eaf00000)
  from space 2048K, 0% used [0x00000000eaf00000,0x00000000eaf00000,0x00000000eb100000)
  to   space 2048K, 0% used [0x00000000eb100000,0x00000000eb100000,0x00000000eb300000)
 ParOldGen       total 103936K, used 84726K [0x00000000c0000000, 0x00000000c6580000, 0x00000000eab00000)
  object space 103936K, 81% used [0x00000000c0000000,0x00000000c52bda70,0x00000000c6580000)
 Metaspace       used 78395K, committed 79424K, reserved 1122304K
  class space    used 8036K, committed 8512K, reserved 1048576K
}
Event: 726.997 GC heap after
{Heap after GC invocations=886 (full 28):
 PSYoungGen      total 4608K, used 192K [0x00000000eab00000, 0x00000000eb180000, 0x0000000100000000)
  eden space 4096K, 0% used [0x00000000eab00000,0x00000000eab00000,0x00000000eaf00000)
  from space 512K, 37% used [0x00000000eb100000,0x00000000eb130000,0x00000000eb180000)
  to   space 1024K, 0% used [0x00000000eaf80000,0x00000000eaf80000,0x00000000eb080000)
 ParOldGen       total 103936K, used 84726K [0x00000000c0000000, 0x00000000c6580000, 0x00000000eab00000)
  object space 103936K, 81% used [0x00000000c0000000,0x00000000c52bda70,0x00000000c6580000)
 Metaspace       used 78395K, committed 79424K, reserved 1122304K
  class space    used 8036K, committed 8512K, reserved 1048576K
}
Event: 787.718 GC heap before
{Heap before GC invocations=887 (full 28):
 PSYoungGen      total 4608K, used 4288K [0x00000000eab00000, 0x00000000eb180000, 0x0000000100000000)
  eden space 4096K, 100% used [0x00000000eab00000,0x00000000eaf00000,0x00000000eaf00000)
  from space 512K, 37% used [0x00000000eb100000,0x00000000eb130000,0x00000000eb180000)
  to   space 1024K, 0% used [0x00000000eaf80000,0x00000000eaf80000,0x00000000eb080000)
 ParOldGen       total 103936K, used 84726K [0x00000000c0000000, 0x00000000c6580000, 0x00000000eab00000)
  object space 103936K, 81% used [0x00000000c0000000,0x00000000c52bda70,0x00000000c6580000)
 Metaspace       used 78412K, committed 79488K, reserved 1122304K
  class space    used 8036K, committed 8512K, reserved 1048576K
}
Event: 787.722 GC heap after
{Heap after GC invocations=887 (full 28):
 PSYoungGen      total 5120K, used 992K [0x00000000eab00000, 0x00000000eb200000, 0x0000000100000000)
  eden space 4096K, 0% used [0x00000000eab00000,0x00000000eab00000,0x00000000eaf00000)
  from space 1024K, 96% used [0x00000000eaf80000,0x00000000eb078200,0x00000000eb080000)
  to   space 1536K, 0% used [0x00000000eb080000,0x00000000eb080000,0x00000000eb200000)
 ParOldGen       total 103936K, used 84979K [0x00000000c0000000, 0x00000000c6580000, 0x00000000eab00000)
  object space 103936K, 81% used [0x00000000c0000000,0x00000000c52fcef0,0x00000000c6580000)
 Metaspace       used 78412K, committed 79488K, reserved 1122304K
  class space    used 8036K, committed 8512K, reserved 1048576K
}
Event: 787.747 GC heap before
{Heap before GC invocations=888 (full 28):
 PSYoungGen      total 5120K, used 5088K [0x00000000eab00000, 0x00000000eb200000, 0x0000000100000000)
  eden space 4096K, 100% used [0x00000000eab00000,0x00000000eaf00000,0x00000000eaf00000)
  from space 1024K, 96% used [0x00000000eaf80000,0x00000000eb078200,0x00000000eb080000)
  to   space 1536K, 0% used [0x00000000eb080000,0x00000000eb080000,0x00000000eb200000)
 ParOldGen       total 103936K, used 84979K [0x00000000c0000000, 0x00000000c6580000, 0x00000000eab00000)
  object space 103936K, 81% used [0x00000000c0000000,0x00000000c52fcef0,0x00000000c6580000)
 Metaspace       used 78412K, committed 79488K, reserved 1122304K
  class space    used 8036K, committed 8512K, reserved 1048576K
}
Event: 787.750 GC heap after
{Heap after GC invocations=888 (full 28):
 PSYoungGen      total 5632K, used 1344K [0x00000000eab00000, 0x00000000eb200000, 0x0000000100000000)
  eden space 4096K, 0% used [0x00000000eab00000,0x00000000eab00000,0x00000000eaf00000)
  from space 1536K, 87% used [0x00000000eb080000,0x00000000eb1d0200,0x00000000eb200000)
  to   space 1536K, 0% used [0x00000000eaf00000,0x00000000eaf00000,0x00000000eb080000)
 ParOldGen       total 103936K, used 85296K [0x00000000c0000000, 0x00000000c6580000, 0x00000000eab00000)
  object space 103936K, 82% used [0x00000000c0000000,0x00000000c534c370,0x00000000c6580000)
 Metaspace       used 78412K, committed 79488K, reserved 1122304K
  class space    used 8036K, committed 8512K, reserved 1048576K
}
Event: 787.771 GC heap before
{Heap before GC invocations=889 (full 28):
 PSYoungGen      total 5632K, used 5440K [0x00000000eab00000, 0x00000000eb200000, 0x0000000100000000)
  eden space 4096K, 100% used [0x00000000eab00000,0x00000000eaf00000,0x00000000eaf00000)
  from space 1536K, 87% used [0x00000000eb080000,0x00000000eb1d0200,0x00000000eb200000)
  to   space 1536K, 0% used [0x00000000eaf00000,0x00000000eaf00000,0x00000000eb080000)
 ParOldGen       total 103936K, used 85296K [0x00000000c0000000, 0x00000000c6580000, 0x00000000eab00000)
  object space 103936K, 82% used [0x00000000c0000000,0x00000000c534c370,0x00000000c6580000)
 Metaspace       used 78412K, committed 79488K, reserved 1122304K
  class space    used 8036K, committed 8512K, reserved 1048576K
}
Event: 787.773 GC heap after
{Heap after GC invocations=889 (full 28):
 PSYoungGen      total 5632K, used 1344K [0x00000000eab00000, 0x00000000eb200000, 0x0000000100000000)
  eden space 4096K, 0% used [0x00000000eab00000,0x00000000eab00000,0x00000000eaf00000)
  from space 1536K, 87% used [0x00000000eaf00000,0x00000000eb050200,0x00000000eb080000)
  to   space 1536K, 0% used [0x00000000eb080000,0x00000000eb080000,0x00000000eb200000)
 ParOldGen       total 103936K, used 85304K [0x00000000c0000000, 0x00000000c6580000, 0x00000000eab00000)
  object space 103936K, 82% used [0x00000000c0000000,0x00000000c534e370,0x00000000c6580000)
 Metaspace       used 78412K, committed 79488K, reserved 1122304K
  class space    used 8036K, committed 8512K, reserved 1048576K
}
Event: 787.785 GC heap before
{Heap before GC invocations=890 (full 28):
 PSYoungGen      total 5632K, used 5440K [0x00000000eab00000, 0x00000000eb200000, 0x0000000100000000)
  eden space 4096K, 100% used [0x00000000eab00000,0x00000000eaf00000,0x00000000eaf00000)
  from space 1536K, 87% used [0x00000000eaf00000,0x00000000eb050200,0x00000000eb080000)
  to   space 1536K, 0% used [0x00000000eb080000,0x00000000eb080000,0x00000000eb200000)
 ParOldGen       total 103936K, used 85304K [0x00000000c0000000, 0x00000000c6580000, 0x00000000eab00000)
  object space 103936K, 82% used [0x00000000c0000000,0x00000000c534e370,0x00000000c6580000)
 Metaspace       used 78412K, committed 79488K, reserved 1122304K
  class space    used 8036K, committed 8512K, reserved 1048576K
}
Event: 787.787 GC heap after
{Heap after GC invocations=890 (full 28):
 PSYoungGen      total 5632K, used 1152K [0x00000000eab00000, 0x00000000eb200000, 0x0000000100000000)
  eden space 4096K, 0% used [0x00000000eab00000,0x00000000eab00000,0x00000000eaf00000)
  from space 1536K, 75% used [0x00000000eb080000,0x00000000eb1a0200,0x00000000eb200000)
  to   space 1536K, 0% used [0x00000000eaf00000,0x00000000eaf00000,0x00000000eb080000)
 ParOldGen       total 103936K, used 85749K [0x00000000c0000000, 0x00000000c6580000, 0x00000000eab00000)
  object space 103936K, 82% used [0x00000000c0000000,0x00000000c53bd7f0,0x00000000c6580000)
 Metaspace       used 78412K, committed 79488K, reserved 1122304K
  class space    used 8036K, committed 8512K, reserved 1048576K
}
Event: 1518.069 GC heap before
{Heap before GC invocations=891 (full 28):
 PSYoungGen      total 5632K, used 5248K [0x00000000eab00000, 0x00000000eb200000, 0x0000000100000000)
  eden space 4096K, 100% used [0x00000000eab00000,0x00000000eaf00000,0x00000000eaf00000)
  from space 1536K, 75% used [0x00000000eb080000,0x00000000eb1a0200,0x00000000eb200000)
  to   space 1536K, 0% used [0x00000000eaf00000,0x00000000eaf00000,0x00000000eb080000)
 ParOldGen       total 103936K, used 85749K [0x00000000c0000000, 0x00000000c6580000, 0x00000000eab00000)
  object space 103936K, 82% used [0x00000000c0000000,0x00000000c53bd7f0,0x00000000c6580000)
 Metaspace       used 78449K, committed 79552K, reserved 1122304K
  class space    used 8036K, committed 8512K, reserved 1048576K
}
Event: 1518.070 GC heap after
{Heap after GC invocations=891 (full 28):
 PSYoungGen      total 4608K, used 128K [0x00000000eab00000, 0x00000000eb100000, 0x0000000100000000)
  eden space 4096K, 0% used [0x00000000eab00000,0x00000000eab00000,0x00000000eaf00000)
  from space 512K, 25% used [0x00000000eaf00000,0x00000000eaf20000,0x00000000eaf80000)
  to   space 1024K, 0% used [0x00000000eb000000,0x00000000eb000000,0x00000000eb100000)
 ParOldGen       total 103936K, used 85757K [0x00000000c0000000, 0x00000000c6580000, 0x00000000eab00000)
  object space 103936K, 82% used [0x00000000c0000000,0x00000000c53bf7f0,0x00000000c6580000)
 Metaspace       used 78449K, committed 79552K, reserved 1122304K
  class space    used 8036K, committed 8512K, reserved 1048576K
}

